Python 3.6.12
Using base prefix '/opt/rh/rh-python36/root/usr'
New python executable in /afs/cern.ch/user/s/syu/scripts/runregistry/venv/bin/python3
Not overwriting existing python script /afs/cern.ch/user/s/syu/scripts/runregistry/venv/bin/python (you must use /afs/cern.ch/user/s/syu/scripts/runregistry/venv/bin/python3)
Installing setuptools, pip, wheel...done.
Running virtualenv with interpreter /opt/rh/rh-python36/root/usr/bin/python3
/afs/cern.ch/user/s/syu/scripts/runregistry
Requirement already satisfied: runregistry in ./venv/lib/python3.6/site-packages
Requirement already satisfied: cernrequests in ./venv/lib/python3.6/site-packages (from runregistry)
Requirement already satisfied: requests in ./venv/lib/python3.6/site-packages (from runregistry)
Requirement already satisfied: future in ./venv/lib/python3.6/site-packages (from cernrequests->runregistry)
Requirement already satisfied: idna<4,>=2.5; python_version >= "3" in ./venv/lib/python3.6/site-packages (from requests->runregistry)
Requirement already satisfied: certifi>=2017.4.17 in ./venv/lib/python3.6/site-packages (from requests->runregistry)
Requirement already satisfied: urllib3<1.27,>=1.21.1 in ./venv/lib/python3.6/site-packages (from requests->runregistry)
Requirement already satisfied: charset-normalizer~=2.0.0; python_version >= "3" in ./venv/lib/python3.6/site-packages (from requests->runregistry)
You are using pip version 9.0.1, however version 23.0.1 is available.
You should consider upgrading via the 'pip install --upgrade pip' command.
Requirement already satisfied: matplotlib in ./venv/lib/python3.6/site-packages
Requirement already satisfied: pyparsing!=2.0.4,!=2.1.2,!=2.1.6,>=2.0.3 in ./venv/lib/python3.6/site-packages (from matplotlib)
Requirement already satisfied: numpy>=1.15 in ./venv/lib/python3.6/site-packages (from matplotlib)
Requirement already satisfied: python-dateutil>=2.1 in ./venv/lib/python3.6/site-packages (from matplotlib)
Requirement already satisfied: cycler>=0.10 in ./venv/lib/python3.6/site-packages (from matplotlib)
Requirement already satisfied: pillow>=6.2.0 in ./venv/lib/python3.6/site-packages (from matplotlib)
Requirement already satisfied: kiwisolver>=1.0.1 in ./venv/lib/python3.6/site-packages (from matplotlib)
Requirement already satisfied: six>=1.5 in ./venv/lib/python3.6/site-packages (from python-dateutil>=2.1->matplotlib)
You are using pip version 9.0.1, however version 23.0.1 is available.
You should consider upgrading via the 'pip install --upgrade pip' command.
creating a new directory figures_calls7to23


Now we are going to produce lumiloss plots in calls7to23
using the input from /afs/cern.ch/work/s/syu/DQM_lumiloss_csvFiles/output_call7to23.csv
['make_dc_plot_sub.py', '-c', '/afs/cern.ch/work/s/syu/DQM_lumiloss_csvFiles/output_call7to23.csv', '-p', 'calls7to23', '-d', 'figures_calls7to23']
Total recorded luminosity for these runs is:  37412.42016885471 /pb
Total recorded luminosity loss for these runs is:  3103.1468553876866 /pb
{'ecal-es': 32.66432940750585, 'csc-csc': 84.556476123609, 'muon-muon': 134.47953900154636, 'ecal-ecal': 141.92334118844835, 'l1t-l1tmu': 142.72807471316082, 'hlt-hlt': 175.36331898839418, 'tracker-pixel': 182.3360029417513, 'tracker-strip': 211.08967684138298, 'tracker-track': 272.67860728905987, 'l1t-l1tcalo': 672.1802227578609, 'egamma-egamma': 698.9132181412353, 'hcal-hcal': 1497.8137869506177, 'jetmet-jetmet': 1685.3916826843868}
{'hf_ready': 0.0, 'ho_ready': 19.88677591237359, 'bpix_ready': 112.04865150625362, 'fpix_ready': 124.34953822604261, 'tibtid_ready': 139.50434496245134, 'tecm_ready': 139.7565510790086, 'tecp_ready': 166.54398766296453, 'tob_ready': 193.055797476052, 'hbheb_ready': 332.9118647009908, 'hbhec_ready': 467.618215563996, 'hbhea_ready': 493.4539855693986}
{'ES': 32.66432940750585, 'CSC': 84.556476123609, 'MuonPOG': 134.47953900154636, 'ECAL': 141.92334118844835, 'HLT': 175.36331898839418, 'PixelPhase1': 197.47560847272365, 'SiStrip': 228.4918585805949, 'Tracking': 272.67860728905987, 'L1T': 689.7087920371208, 'EGamma': 698.9132181412353, 'HCAL': 1615.017778156388, 'JetMET': 1685.3916826843868}
{'PixelPhase1 SiStrip HCAL L1T Tracking JetMET EGamma ': 0.001693748914484, 'SiStrip L1T Tracking JetMET EGamma ': 0.0029434901635, 'PixelPhase1 Tracking JetMET EGamma ': 0.003886567729336, 'PixelPhase1 SiStrip L1T Tracking JetMET EGamma ': 0.0043508920300170005, 'PixelPhase1 HLT MuonPOG EGamma ': 0.004575944857829, 'HCAL CSC L1T MuonPOG JetMET EGamma ': 0.006310640025219, 'CSC L1T MuonPOG EGamma ': 0.015729474992106, 'PixelPhase1 SiStrip HLT Tracking MuonPOG EGamma ': 0.016475485192101, 'PixelPhase1 L1T JetMET ': 0.023064045416438, 'SiStrip HCAL L1T JetMET EGamma ': 0.024967995954618, 'PixelPhase1 SiStrip L1T Tracking JetMET ': 0.030059553566156, 'SiStrip Tracking EGamma ': 0.033743909844595, 'PixelPhase1 EGamma ': 0.049259895397788, 'PixelPhase1 HCAL ': 0.055776936520222996, 'PixelPhase1 Tracking JetMET ': 0.06607527972147, 'PixelPhase1 HCAL JetMET EGamma ': 0.069941414387424, 'SiStrip EGamma ': 0.086842665830623, 'PixelPhase1 SiStrip HCAL L1T Tracking JetMET ': 0.097798359481017, 'ECAL ': 0.105466069610327, 'ES L1T ': 0.10673483568605799, 'PixelPhase1 SiStrip HCAL Tracking ': 0.113770387791363, 'PixelPhase1 HCAL L1T JetMET EGamma ': 0.121041492987959, 'SiStrip L1T HLT Tracking EGamma ': 0.137197921216033, 'ECAL CSC MuonPOG EGamma ': 0.139984188704342, 'PixelPhase1 HCAL L1T JetMET ': 0.14369468196069002, 'ECAL CSC L1T MuonPOG EGamma ': 0.14386492174568, 'L1T JetMET EGamma ': 0.20385079171548898, 'L1T MuonPOG JetMET EGamma ': 0.20559420465350603, 'CSC MuonPOG EGamma ': 0.21298056320730102, 'SiStrip L1T Tracking ': 0.225701700711949, 'SiStrip L1T Tracking EGamma ': 0.226207939830759, 'SiStrip Tracking JetMET EGamma ': 0.24081040162848213, 'PixelPhase1 SiStrip HCAL L1T JetMET EGamma ': 0.254531631991249, 'HCAL CSC MuonPOG JetMET EGamma ': 0.28505534885755, 'PixelPhase1 SiStrip EGamma ': 0.302035547382398, 'PixelPhase1 L1T Tracking JetMET EGamma ': 0.31430595240042264, 'PixelPhase1 SiStrip L1T JetMET ': 0.333545545641665, 'PixelPhase1 L1T ': 0.509887719616174, 'PixelPhase1 SiStrip JetMET ': 0.544943641693805, 'PixelPhase1 SiStrip L1T ': 0.577395292859535, 'HLT MuonPOG EGamma ': 0.5791350891247079, 'SiStrip L1T ': 0.586466359048095, 'PixelPhase1 SiStrip HCAL Tracking JetMET EGamma ': 0.683295912688726, 'PixelPhase1 SiStrip Tracking EGamma ': 0.815702890701288, 'HCAL MuonPOG JetMET ': 0.8493902485958928, 'SiStrip HCAL Tracking JetMET EGamma ': 0.896795421858035, 'HCAL HLT JetMET ': 0.9253184141862261, 'MuonPOG JetMET ': 0.967802630705788, 'PixelPhase1 JetMET ': 1.018572008608158, 'PixelPhase1 SiStrip Tracking JetMET ': 1.252212005473692, 'CSC MuonPOG JetMET ': 1.3093601563794168, 'CSC MuonPOG JetMET EGamma ': 1.5580425022305018, 'MuonPOG ': 1.7144867010331581, 'CSC L1T MuonPOG ': 1.7230049865240782, 'PixelPhase1 SiStrip L1T Tracking MuonPOG JetMET EGamma ': 1.9719568600281552, 'PixelPhase1 SiStrip HCAL L1T JetMET ': 1.993474815892029, 'PixelPhase1 SiStrip Tracking JetMET EGamma ': 2.049575587274427, 'L1T EGamma ': 2.094292512422749, 'PixelPhase1 SiStrip Tracking MuonPOG JetMET EGamma ': 2.513233055603788, 'L1T JetMET ': 2.617912737795976, 'HCAL L1T MuonPOG JetMET EGamma ': 2.783706216035442, 'PixelPhase1 SiStrip L1T Tracking ': 3.0341766794898604, 'SiStrip ECAL ES HCAL CSC Tracking MuonPOG JetMET EGamma ': 3.9830407707911704, 'HCAL L1T HLT ': 4.89554899577213, 'HCAL CSC MuonPOG EGamma ': 5.052651235955426, 'HCAL CSC MuonPOG ': 5.546948178549342, 'HCAL EGamma ': 6.634684409448217, 'HCAL CSC MuonPOG JetMET ': 7.376434485547383, 'SiStrip ': 7.75684980736609, 'PixelPhase1 ': 8.08917908836142, 'PixelPhase1 Tracking ': 8.613029351722238, 'PixelPhase1 Tracking MuonPOG JetMET EGamma ': 8.730797693021946, 'ECAL HCAL CSC MuonPOG JetMET EGamma ': 10.8235761386418, 'ECAL ES HCAL CSC MuonPOG JetMET EGamma ': 11.369981876688518, 'JetMET EGamma ': 13.037433472047042, 'HCAL L1T EGamma ': 14.357459464082787, 'ECAL EGamma ': 15.52785436549148, 'ES ': 17.204571279306027, 'PixelPhase1 SiStrip ': 18.85832304375887, 'L1T HLT ': 23.369855837135503, 'HLT ': 26.118142294197316, 'HCAL L1T JetMET EGamma ': 26.616423540090135, 'SiStrip Tracking MuonPOG JetMET EGamma ': 29.58519262077547, 'CSC MuonPOG ': 35.009510654769045, 'HCAL L1T ': 39.247258971623026, 'PixelPhase1 L1T Tracking ': 57.77762583038584, 'SiStrip Tracking ': 72.8200164284122, 'PixelPhase1 SiStrip Tracking ': 76.43603062568852, 'ECAL JetMET EGamma ': 99.82957285677516, 'HCAL JetMET ': 115.25323670822941, 'HLT JetMET ': 119.31706900671246, 'EGamma ': 130.31803205175638, 'L1T ': 141.4382604681594, 'HCAL JetMET EGamma ': 303.9916092570687, 'HCAL L1T JetMET ': 361.4899062651159, 'JetMET ': 547.617465321572, 'HCAL ': 689.0722828100644}
{'ECAL ': 0.105466069610327, 'MuonPOG ': 1.7144867010331581, 'SiStrip ': 7.75684980736609, 'PixelPhase1 ': 8.08917908836142, 'ES ': 17.204571279306027, 'HLT ': 26.118142294197316, 'EGamma ': 130.31803205175638, 'L1T ': 141.4382604681594, 'JetMET ': 547.617465321572, 'HCAL ': 689.0722828100644, 'Mixed': 1533.7121194962724}
{'EGamma ': 0.04199544466466293, 'L1T ': 0.045578977424994935, 'JetMET ': 0.1764716563029552, 'HCAL ': 0.22205596928604793, 'Mixed': 0.49424413054555894}
{'CSC MuonPOG ': 1.1281938073277293, 'HCAL L1T ': 1.2647567389046348, 'PixelPhase1 L1T Tracking ': 1.8619043352741194, 'SiStrip Tracking ': 2.346650668561883, 'PixelPhase1 SiStrip Tracking ': 2.463177999229402, 'ECAL JetMET EGamma ': 3.217043134244548, 'HCAL JetMET ': 3.7140761323662987, 'HLT JetMET ': 3.8450345590172135, 'EGamma ': 4.1995444664662935, 'L1T ': 4.5578977424994935, 'HCAL JetMET EGamma ': 9.79623664053405, 'HCAL L1T JetMET ': 11.649139506159587, 'JetMET ': 17.647165630295518, 'HCAL ': 22.20559692860479}
{'bpix_ready': 112.04865150625362, 'fpix_ready': 124.34953822604261, 'tracker-pixel': 182.3360029417513}
{'tibtid_ready': 139.50434496245134, 'tecm_ready': 139.7565510790086, 'tecp_ready': 166.54398766296453, 'tob_ready': 193.055797476052, 'tracker-strip': 211.08967684138298}
{'ecal-ecal': 141.92334118844835}
{'ecal-es': 32.66432940750585}
{'hf_ready': 0.0, 'ho_ready': 19.88677591237359, 'hbheb_ready': 332.9118647009908, 'hbhec_ready': 467.618215563996, 'hbhea_ready': 493.4539855693986, 'hcal-hcal': 1497.8137869506177}
{'csc-csc': 84.556476123609}
{'dt-dt': 0.0}
{'l1t-l1tmu': 142.72807471316082, 'l1t-l1tcalo': 672.1802227578609}
{'hlt-hlt': 175.36331898839418}
{'tracker-track': 272.67860728905987}
{'muon-muon': 134.47953900154636}
{'jetmet-jetmet': 1685.3916826843868}
{'egamma-egamma': 698.9132181412353}
{'bpix_ready': 1.3051187976604068, 'fpix_ready': 13.71862929417431, 'tracker-pixel': 69.69154328451427, 'Mixed': 112.76031709637458}
{'tibtid_ready': 0.8649310144303282, 'tecm_ready': 1.108615856194659, 'tob_ready': 1.846509388013396, 'tecp_ready': 3.497194367540762, 'tracker-strip': 5.441920436799044, 'Mixed': 215.73268751761665}make_dc_plot_sub.py:279: RuntimeWarning: More than 20 figures have been opened. Figures created through the pyplot interface (`matplotlib.pyplot.figure`) are retained until explicitly closed and may consume too much memory. (To control this warning, see the rcParam `figure.max_open_warning`).
  axes = plt.figure(icount)

{'hf_ready': 0.0, 'hbheb_ready': 4.233640683239588, 'ho_ready': 14.387582684160595, 'hbhec_ready': 15.930761447979402, 'hbhea_ready': 55.52632211651271, 'Mixed': 672.0631394913725, 'hcal-hcal': 852.876331733127}
{'l1t-l1tmu': 17.528569279259568, 'Mixed': 125.19950543390135, 'l1t-l1tcalo': 546.9807173239594}
defaultdict(<class 'str'>, {'Mixed': 'brown', 'PixelPhase1 ': 'purple', 'SiStrip ': 'plum', 'ECAL ': 'red', 'ES ': 'pink', 'HCAL ': 'green', 'CSC ': 'orange', 'DT ': 'yellow', 'L1T ': 'blue', 'HLT ': 'pink', 'Tracking ': 'orchid', 'MuonPOG ': 'goldenrod', 'JetMET ': 'gray', 'EGamma ': 'olive'})
['EGamma ', 'L1T ', 'JetMET ', 'HCAL ', 'Mixed']
The png files are in the directory /afs/cern.ch/user/s/syu/scripts/runregistry/figures_calls7to23
