Python 3.6.12
Using base prefix '/opt/rh/rh-python36/root/usr'
New python executable in /afs/cern.ch/user/s/syu/scripts/runregistry/venv/bin/python3
Not overwriting existing python script /afs/cern.ch/user/s/syu/scripts/runregistry/venv/bin/python (you must use /afs/cern.ch/user/s/syu/scripts/runregistry/venv/bin/python3)
Installing setuptools, pip, wheel...done.
Running virtualenv with interpreter /opt/rh/rh-python36/root/usr/bin/python3
/afs/cern.ch/user/s/syu/scripts/runregistry
Requirement already satisfied: runregistry in ./venv/lib/python3.6/site-packages
Requirement already satisfied: requests in ./venv/lib/python3.6/site-packages (from runregistry)
Requirement already satisfied: cernrequests in ./venv/lib/python3.6/site-packages (from runregistry)
Requirement already satisfied: certifi>=2017.4.17 in ./venv/lib/python3.6/site-packages (from requests->runregistry)
Requirement already satisfied: charset-normalizer~=2.0.0; python_version >= "3" in ./venv/lib/python3.6/site-packages (from requests->runregistry)
Requirement already satisfied: idna<4,>=2.5; python_version >= "3" in ./venv/lib/python3.6/site-packages (from requests->runregistry)
Requirement already satisfied: urllib3<1.27,>=1.21.1 in ./venv/lib/python3.6/site-packages (from requests->runregistry)
Requirement already satisfied: future in ./venv/lib/python3.6/site-packages (from cernrequests->runregistry)
You are using pip version 9.0.1, however version 22.3.1 is available.
You should consider upgrading via the 'pip install --upgrade pip' command.
Requirement already satisfied: matplotlib in ./venv/lib/python3.6/site-packages
Requirement already satisfied: kiwisolver>=1.0.1 in ./venv/lib/python3.6/site-packages (from matplotlib)
Requirement already satisfied: cycler>=0.10 in ./venv/lib/python3.6/site-packages (from matplotlib)
Requirement already satisfied: python-dateutil>=2.1 in ./venv/lib/python3.6/site-packages (from matplotlib)
Requirement already satisfied: pyparsing!=2.0.4,!=2.1.2,!=2.1.6,>=2.0.3 in ./venv/lib/python3.6/site-packages (from matplotlib)
Requirement already satisfied: numpy>=1.15 in ./venv/lib/python3.6/site-packages (from matplotlib)
Requirement already satisfied: pillow>=6.2.0 in ./venv/lib/python3.6/site-packages (from matplotlib)
Requirement already satisfied: six>=1.5 in ./venv/lib/python3.6/site-packages (from python-dateutil>=2.1->matplotlib)
You are using pip version 9.0.1, however version 22.3.1 is available.
You should consider upgrading via the 'pip install --upgrade pip' command.
Total recorded luminosity for these runs is:  34841.416594859176 /pb
Total recorded luminosity loss for these runs is:  3679.9585332158167 /pb
{'ecal-es': 32.66432940750585, 'csc-csc': 84.556476123609, 'ecal-ecal': 141.81787511883803, 'hlt-hlt': 175.24757185586313, 'tracker-pixel': 178.5064589562575, 'l1t-l1tmu': 202.8036152085694, 'tracker-strip': 206.83475390405988, 'muon-muon': 217.3679416885359, 'tracker-track': 272.67860728905987, 'egamma-egamma': 708.7603991381968, 'l1t-l1tcalo': 924.2859032065442, 'hcal-hcal': 1491.13322745101, 'jetmet-jetmet': 2224.6008896086514}
{'hf_ready': 0.0, 'ho_ready': 19.88677591237359, 'bpix_ready': 107.08101165577882, 'fpix_ready': 119.73442356684173, 'tibtid_ready': 134.39632947235268, 'tecm_ready': 135.5016281416855, 'tecp_ready': 161.76091310387744, 'tob_ready': 187.94778198595333, 'hbheb_ready': 330.725065435609, 'hbhec_ready': 467.618215563996, 'hbhea_ready': 493.4539855693986}
{'ECAL': 159.12918187886427, 'HLT': 175.24757185586313, 'Muon': 217.3679416885359, 'Tracker': 307.0513801798761, 'EGamma': 708.7603991381968, 'L1T': 941.8144724858032, 'HCAL': 1606.1504193913986, 'JetMET': 2224.6008896086514}
{'Muon L1T EGamma ': 0.015729474992106, 'Tracker Muon HLT EGamma ': 0.02105143004993, 'ECAL L1T ': 0.10673483568605799, 'Tracker L1T HLT EGamma ': 0.137197921216033, 'ECAL Muon EGamma ': 0.139984188704342, 'ECAL Muon L1T EGamma ': 0.14386492174568, 'Tracker HCAL ': 0.169547324311586, 'L1T JetMET EGamma ': 0.20323120193112096, 'Muon L1T JetMET EGamma ': 0.20621379443787408, 'Muon EGamma ': 0.21298056320730102, 'Tracker L1T EGamma ': 0.22636883179520598, 'HCAL Muon JetMET EGamma ': 0.28505534885755, 'Tracker L1T JetMET EGamma ': 0.32160033459393983, 'Tracker HCAL L1T JetMET EGamma ': 0.40234651353312, 'Tracker JetMET EGamma ': 0.4067288300887082, 'Tracker L1T JetMET ': 0.5172190181395581, 'Muon HLT EGamma ': 0.5791350891247079, 'HCAL HLT JetMET ': 0.9253184141862261, 'Tracker EGamma ': 1.267457934952191, 'Muon JetMET EGamma ': 1.5580425022305018, 'Tracker HCAL JetMET EGamma ': 1.650032748934185, 'Tracker Muon L1T JetMET EGamma ': 1.9726132514266281, 'L1T EGamma ': 2.094292512422749, 'Tracker HCAL L1T JetMET ': 2.2349678573337357, 'Muon JetMET ': 2.277162787085205, 'HCAL Muon L1T JetMET EGamma ': 2.7931163292743455, 'Tracker ECAL HCAL Muon JetMET EGamma ': 3.9830407707911704, 'Muon L1T ': 4.36236669412788, 'Tracker JetMET ': 4.751551029153633, 'HCAL L1T HLT ': 4.89554899577213, 'HCAL Muon EGamma ': 5.052651235955426, 'HCAL Muon ': 5.546948178549342, 'HCAL EGamma ': 6.634684409448217, 'HCAL Muon JetMET ': 8.225824734143275, 'JetMET EGamma ': 13.037433472047042, 'HCAL L1T EGamma ': 14.357459464082787, 'ECAL EGamma ': 15.52785436549148, 'ECAL ': 17.204571279306027, 'ECAL HCAL Muon JetMET EGamma ': 22.19355801533031, 'HLT ': 22.894769609087135, 'L1T HLT ': 23.369855837135503, 'HCAL L1T JetMET EGamma ': 26.613324066876448, 'HCAL L1T ': 38.81622240996106, 'Tracker Muon JetMET EGamma ': 40.829223369401205, 'Tracker L1T ': 62.583532728053264, 'ECAL JetMET EGamma ': 99.82957285677516, 'HCAL JetMET ': 113.95581886443344, 'Muon ': 116.96931927219016, 'HLT JetMET ': 122.42469455929155, 'L1T ': 136.82899476245387, 'EGamma ': 142.07288374946614, 'Tracker ': 185.57683990415688, 'L1T JetMET ': 222.7371219599839, 'HCAL JetMET EGamma ': 303.9916092570687, 'HCAL L1T JetMET ': 395.87448903191677, 'HCAL ': 647.548795683732, 'JetMET ': 830.3999183074344}
{'ECAL ': 17.204571279306027, 'HLT ': 22.894769609087135, 'Muon ': 116.96931927219016, 'L1T ': 136.82899476245387, 'EGamma ': 142.07288374946614, 'Tracker ': 185.57683990415688, 'HCAL ': 647.548795683732, 'JetMET ': 830.3999183074344, 'Mixed': 1580.4624406479998}
{'Muon ': 0.0317854992702795, 'L1T ': 0.03718221102966687, 'EGamma ': 0.038607196920045855, 'Tracker ': 0.050429057346465876, 'HCAL ': 0.17596632946780966, 'JetMET ': 0.22565469442444241, 'Mixed': 0.42947832873183933}
{'HCAL L1T ': 1.0548005380930368, 'Tracker Muon JetMET EGamma ': 1.1095022675084778, 'Tracker L1T ': 1.7006586395788323, 'ECAL JetMET EGamma ': 2.712790700104351, 'HCAL JetMET ': 3.096660406247853, 'Muon ': 3.1785499270279503, 'HLT JetMET ': 3.326795491152122, 'L1T ': 3.7182211029666874, 'EGamma ': 3.8607196920045856, 'Tracker ': 5.042905734646588, 'L1T JetMET ': 6.0527073864970955, 'HCAL JetMET EGamma ': 8.260734639078082, 'HCAL L1T JetMET ': 10.757580159088713, 'HCAL ': 17.596632946780968, 'JetMET ': 22.56546944244424}
{'bpix_ready': 107.08101165577882, 'fpix_ready': 119.73442356684173, 'tibtid_ready': 134.39632947235268, 'tecm_ready': 135.5016281416855, 'tecp_ready': 161.76091310387744, 'tracker-pixel': 178.5064589562575, 'tob_ready': 187.94778198595333, 'tracker-strip': 206.83475390405988, 'tracker-track': 272.67860728905987}
{'ecal-es': 32.66432940750585, 'ecal-ecal': 141.81787511883803}
{'hf_ready': 0.0, 'ho_ready': 19.88677591237359, 'hbheb_ready': 330.725065435609, 'hbhec_ready': 467.618215563996, 'hbhea_ready': 493.4539855693986, 'hcal-hcal': 1491.13322745101}
{'dt-dt': 0.0, 'csc-csc': 84.556476123609, 'muon-muon': 217.3679416885359}
{'l1t-l1tmu': 202.8036152085694, 'l1t-l1tcalo': 924.2859032065442}
{'hlt-hlt': 175.24757185586313}
{'jetmet-jetmet': 2224.6008896086514}
{'egamma-egamma': 708.7603991381968}
defaultdict(<class 'str'>, {'Mixed': 'brown', 'Tracker ': 'purple', 'ECAL ': 'red', 'HCAL ': 'green', 'Muon ': 'orange', 'L1T ': 'blue', 'HLT ': 'pink', 'JetMET ': 'gray', 'EGamma ': 'olive'})
['Muon ', 'L1T ', 'EGamma ', 'Tracker ', 'HCAL ', 'JetMET ', 'Mixed']
