Python 3.6.12
Using base prefix '/opt/rh/rh-python36/root/usr'
New python executable in /afs/cern.ch/user/s/syu/scripts/runregistry/venv/bin/python3
Also creating executable in /afs/cern.ch/user/s/syu/scripts/runregistry/venv/bin/python
Installing setuptools, pip, wheel...done.
Running virtualenv with interpreter /opt/rh/rh-python36/root/usr/bin/python3
/afs/cern.ch/user/s/syu/scripts/runregistry
Collecting runregistry
  Using cached https://files.pythonhosted.org/packages/9f/c2/fb46f41ea5540b355659a11940b72a32ba83b0007398ab83da86579eab9c/runregistry-0.2.8-py3-none-any.whl
Collecting requests (from runregistry)
  Using cached https://files.pythonhosted.org/packages/2d/61/08076519c80041bc0ffa1a8af0cbd3bf3e2b62af10435d269a9d0f40564d/requests-2.27.1-py2.py3-none-any.whl
Collecting cernrequests (from runregistry)
  Using cached https://files.pythonhosted.org/packages/5f/b1/980da10f8aa73c435ba01576e59ea0a3bf93e4512e3b88d5dbfefcc7c97d/cernrequests-0.3.2-py3-none-any.whl
Collecting idna<4,>=2.5; python_version >= "3" (from requests->runregistry)
  Using cached https://files.pythonhosted.org/packages/fc/34/3030de6f1370931b9dbb4dad48f6ab1015ab1d32447850b9fc94e60097be/idna-3.4-py3-none-any.whl
Collecting certifi>=2017.4.17 (from requests->runregistry)
  Using cached https://files.pythonhosted.org/packages/9d/19/59961b522e6757f0c9097e4493fa906031b95b3ebe9360b2c3083561a6b4/certifi-2023.5.7-py3-none-any.whl
Collecting charset-normalizer~=2.0.0; python_version >= "3" (from requests->runregistry)
  Using cached https://files.pythonhosted.org/packages/06/b3/24afc8868eba069a7f03650ac750a778862dc34941a4bebeb58706715726/charset_normalizer-2.0.12-py3-none-any.whl
Collecting urllib3<1.27,>=1.21.1 (from requests->runregistry)
  Using cached https://files.pythonhosted.org/packages/c5/05/c214b32d21c0b465506f95c4f28ccbcba15022e000b043b72b3df7728471/urllib3-1.26.16-py2.py3-none-any.whl
Collecting future (from cernrequests->runregistry)
Installing collected packages: idna, certifi, charset-normalizer, urllib3, requests, future, cernrequests, runregistry
Successfully installed cernrequests-0.3.2 certifi-2023.5.7 charset-normalizer-2.0.12 future-0.18.3 idna-3.4 requests-2.27.1 runregistry-0.2.8 urllib3-1.26.16
You are using pip version 9.0.1, however version 23.1.2 is available.
You should consider upgrading via the 'pip install --upgrade pip' command.
Collecting matplotlib
  Using cached https://files.pythonhosted.org/packages/09/03/b7b30fa81cb687d1178e085d0f01111ceaea3bf81f9330c937fb6f6c8ca0/matplotlib-3.3.4-cp36-cp36m-manylinux1_x86_64.whl
Collecting python-dateutil>=2.1 (from matplotlib)
  Using cached https://files.pythonhosted.org/packages/36/7a/87837f39d0296e723bb9b62bbb257d0355c7f6128853c78955f57342a56d/python_dateutil-2.8.2-py2.py3-none-any.whl
Collecting cycler>=0.10 (from matplotlib)
  Using cached https://files.pythonhosted.org/packages/5c/f9/695d6bedebd747e5eb0fe8fad57b72fdf25411273a39791cde838d5a8f51/cycler-0.11.0-py3-none-any.whl
Collecting pillow>=6.2.0 (from matplotlib)
Collecting pyparsing!=2.0.4,!=2.1.2,!=2.1.6,>=2.0.3 (from matplotlib)
  Using cached https://files.pythonhosted.org/packages/6c/10/a7d0fa5baea8fe7b50f448ab742f26f52b80bfca85ac2be9d35cdd9a3246/pyparsing-3.0.9-py3-none-any.whl
Collecting numpy>=1.15 (from matplotlib)
  Using cached https://files.pythonhosted.org/packages/45/b2/6c7545bb7a38754d63048c7696804a0d947328125d81bf12beaa692c3ae3/numpy-1.19.5-cp36-cp36m-manylinux1_x86_64.whl
Collecting kiwisolver>=1.0.1 (from matplotlib)
  Using cached https://files.pythonhosted.org/packages/a7/1b/cbd8ae738719b5f41592a12057ef5442e2ed5f5cb5451f8fc7e9f8875a1a/kiwisolver-1.3.1-cp36-cp36m-manylinux1_x86_64.whl
Collecting six>=1.5 (from python-dateutil>=2.1->matplotlib)
  Using cached https://files.pythonhosted.org/packages/d9/5a/e7c31adbe875f2abbb91bd84cf2dc52d792b5a01506781dbcf25c91daf11/six-1.16.0-py2.py3-none-any.whl
Installing collected packages: six, python-dateutil, cycler, pillow, pyparsing, numpy, kiwisolver, matplotlib
Successfully installed cycler-0.11.0 kiwisolver-1.3.1 matplotlib-3.3.4 numpy-1.19.5 pillow-8.4.0 pyparsing-3.0.9 python-dateutil-2.8.2 six-1.16.0
You are using pip version 9.0.1, however version 23.1.2 is available.
You should consider upgrading via the 'pip install --upgrade pip' command.
testoutput/figures_calls1to6 directory exists.
moving the original testoutput/figures_calls1to6 to tmp
creating a new directory testoutput/figures_calls1to6


Now we are going to produce lumiloss plots in calls1to6
using the input from /afs/cern.ch/work/s/syu/DQM_lumiloss_csvFiles/output_2023_call1to6.csv
make_dc_plot_sub.py:279: RuntimeWarning: More than 20 figures have been opened. Figures created through the pyplot interface (`matplotlib.pyplot.figure`) are retained until explicitly closed and may consume too much memory. (To control this warning, see the rcParam `figure.max_open_warning`).
  axes = plt.figure(icount)
['make_dc_plot_sub.py', '-c', '/afs/cern.ch/work/s/syu/DQM_lumiloss_csvFiles/output_2023_call1to6.csv', '-p', 'calls1to6', '-d', 'testoutput/figures_calls1to6']
Total recorded luminosity for these runs is:  11230.646218071042 /pb
Total recorded luminosity loss for these runs is:  641.0101507677143 /pb
{'ecal-ecal': 0.0033618439576320004, 'ecal-es': 0.0033618439576320004, 'csc-csc': 0.0033618439576320004, 'dt-dt': 0.0033618439576320004, 'tracker-pixel': 36.55073808220341, 'muon-muon': 42.81779612656089, 'hlt-hlt': 47.06688444920183, 'egamma-egamma': 55.39837246388097, 'tracker-track': 65.83868905786454, 'tracker-strip': 78.09549412741535, 'jetmet-jetmet': 78.80593860381384, 'l1t-l1tmu': 102.03353269316946, 'l1t-l1tcalo': 104.51670140952751, 'hcal-hcal': 423.6705385858949}
{'ho_ready': 1.0281055727678141, 'hbhec_ready': 14.094439749677717, 'bpix_ready': 35.13291005660483, 'fpix_ready': 37.21130241495136, 'tecm_ready': 59.642130122336255, 'tob_ready': 61.009345830987144, 'tecp_ready': 61.497139041747914, 'tibtid_ready': 75.63760636584358}
{'ECAL': 0.0033618439576320004, 'ES': 0.0033618439576320004, 'CSC': 0.0033618439576320004, 'DT': 0.0033618439576320004, 'PixelPhase1': 39.29635509481379, 'MuonPOG': 42.81779612656089, 'HLT': 47.06688444920183, 'EGamma': 55.39837246388097, 'Tracking': 65.83868905786454, 'JetMET': 78.80593860381384, 'SiStrip': 81.77162037101097, 'L1T': 105.5261153532827, 'HCAL': 438.41301972167514}
{'SiStrip JetMET EGamma ': 0.002369057334184, 'PixelPhase1 JetMET EGamma ': 0.0024035105523379998, 'PixelPhase1 SiStrip L1T Tracking MuonPOG JetMET EGamma ': 0.002902068606272, 'PixelPhase1 SiStrip ECAL ES HCAL CSC DT L1T HLT Tracking MuonPOG JetMET EGamma ': 0.0033618439576320004, 'PixelPhase1 SiStrip JetMET EGamma ': 0.007216546644563999, 'SiStrip JetMET ': 0.007658201196317, 'PixelPhase1 JetMET ': 0.008412892889891, 'PixelPhase1 SiStrip JetMET ': 0.017382196173189, 'PixelPhase1 SiStrip Tracking JetMET ': 0.019541702315951, 'L1T Tracking MuonPOG JetMET EGamma ': 0.019942867562672998, 'HCAL L1T MuonPOG JetMET EGamma ': 0.028553891856775, 'SiStrip HCAL ': 0.029459363012119, 'L1T JetMET EGamma ': 0.049211290325485005, 'SiStrip Tracking EGamma ': 0.056644601013959996, 'PixelPhase1 L1T Tracking MuonPOG JetMET EGamma ': 0.06901007463582899, 'PixelPhase1 HCAL ': 0.097534730887431, 'L1T EGamma ': 0.112225834219691, 'MuonPOG JetMET EGamma ': 0.12046798138744402, 'L1T MuonPOG JetMET EGamma ': 0.18180431209694303, 'EGamma ': 0.23761337486851097, 'HCAL L1T ': 0.244212052670282, 'PixelPhase1 L1T Tracking ': 0.250009338523173, 'Tracking ': 0.25187634777046003, 'L1T JetMET ': 0.39582594069945004, 'SiStrip L1T Tracking MuonPOG JetMET EGamma ': 0.4022706568157659, 'PixelPhase1 L1T ': 0.438279708073326, 'HCAL L1T HLT ': 0.456822432780499, 'PixelPhase1 Tracking ': 0.470761677238297, 'PixelPhase1 SiStrip HCAL Tracking ': 0.553054419800646, 'SiStrip ': 0.574392570801217, 'PixelPhase1 SiStrip Tracking EGamma ': 0.62934538969406, 'SiStrip Tracking ': 0.7210776807153509, 'SiStrip L1T Tracking ': 0.786756285434237, 'PixelPhase1 Tracking JetMET EGamma ': 0.8412339505843636, 'HCAL L1T JetMET ': 0.9093197763884779, 'PixelPhase1 ': 1.0362474779257649, 'PixelPhase1 SiStrip Tracking JetMET EGamma ': 1.0749225597392327, 'SiStrip L1T ': 1.119208719284709, 'PixelPhase1 SiStrip L1T ': 3.39382371237993, 'PixelPhase1 SiStrip Tracking ': 5.30824984776012, 'JetMET EGamma ': 9.567252199787326, 'PixelPhase1 SiStrip L1T Tracking ': 12.38848973636379, 'PixelPhase1 SiStrip ': 12.684022234918883, 'JetMET ': 23.08525463006583, 'L1T ': 37.666852720129896, 'SiStrip Tracking MuonPOG JetMET EGamma ': 41.988950511627294, 'L1T HLT ': 46.6067001724637, 'HCAL ': 436.09055173517214}
{'EGamma ': 0.23761337486851097, 'Tracking ': 0.25187634777046003, 'SiStrip ': 0.574392570801217, 'PixelPhase1 ': 1.0362474779257649, 'JetMET ': 23.08525463006583, 'L1T ': 37.666852720129896, 'Mixed': 142.06736191098216, 'HCAL ': 436.09055173517214}
{'JetMET ': 0.03601386749089303, 'L1T ': 0.0587617102085165, 'Mixed': 0.2216304402369187, 'HCAL ': 0.6803177004496458}
{'JetMET EGamma ': 1.492527409796706, 'PixelPhase1 SiStrip L1T Tracking ': 1.9326511010046488, 'PixelPhase1 SiStrip ': 1.9787552848777348, 'JetMET ': 3.6013867490893032, 'L1T ': 5.8761710208516496, 'SiStrip Tracking MuonPOG JetMET EGamma ': 6.550434569770645, 'L1T HLT ': 7.270820924855022, 'HCAL ': 68.03177004496457}
{'bpix_ready': 35.13291005660483, 'tracker-pixel': 36.55073808220341, 'fpix_ready': 37.21130241495136}
{'tecm_ready': 59.642130122336255, 'tob_ready': 61.009345830987144, 'tecp_ready': 61.497139041747914, 'tibtid_ready': 75.63760636584358, 'tracker-strip': 78.09549412741535}
{'ecal-ecal': 0.0033618439576320004}
{'ecal-es': 0.0033618439576320004}
{'hbhea_ready': 0.0, 'hbheb_ready': 0.0, 'hf_ready': 0.0, 'ho_ready': 1.0281055727678141, 'hbhec_ready': 14.094439749677717, 'hcal-hcal': 423.6705385858949}
{'csc-csc': 0.0033618439576320004}
{'dt-dt': 0.0033618439576320004}
{'l1t-l1tmu': 102.03353269316946, 'l1t-l1tcalo': 104.51670140952751}
{'hlt-hlt': 47.06688444920183}
{'tracker-track': 65.83868905786454}
{'muon-muon': 42.81779612656089}
{'jetmet-jetmet': 78.80593860381384}
{'egamma-egamma': 55.39837246388097}
{'bpix_ready': 0.261154247632032, 'tracker-pixel': 1.8093415648561868, 'fpix_ready': 2.310118557876785, 'Mixed': 34.91574072444878}
{'tob_ready': 0.0, 'tecm_ready': 0.22103079539527198, 'tibtid_ready': 0.387902086895208, 'tecp_ready': 0.677786915902583, 'tracker-strip': 4.8580180609079, 'Mixed': 75.62688251191001}
{'hbhea_ready': 0.0, 'hbheb_ready': 0.0, 'hf_ready': 0.0, 'Mixed': 0.380064186665503, 'ho_ready': 1.0281055727678141, 'hbhec_ready': 13.714375563012213, 'hcal-hcal': 423.2904743992295}
{'l1t-l1tmu': 1.0094139437552359, 'l1t-l1tcalo': 3.492582660113239, 'Mixed': 101.02411874941427}
defaultdict(<class 'str'>, {'Mixed': 'brown', 'PixelPhase1 ': 'purple', 'SiStrip ': 'plum', 'ECAL ': 'red', 'ES ': 'pink', 'HCAL ': 'green', 'CSC ': 'orange', 'DT ': 'yellow', 'L1T ': 'blue', 'HLT ': 'pink', 'Tracking ': 'orchid', 'MuonPOG ': 'goldenrod', 'JetMET ': 'gray', 'EGamma ': 'olive'})
['JetMET ', 'L1T ', 'Mixed', 'HCAL ']
The png files are in the directory /afs/cern.ch/user/s/syu/scripts/runregistry/testoutput/figures_calls1to6
