Python 3.6.12
Using base prefix '/opt/rh/rh-python36/root/usr'
New python executable in /afs/cern.ch/user/s/syu/scripts/runregistry/venv/bin/python3
Not overwriting existing python script /afs/cern.ch/user/s/syu/scripts/runregistry/venv/bin/python (you must use /afs/cern.ch/user/s/syu/scripts/runregistry/venv/bin/python3)
Installing setuptools, pip, wheel...done.
Running virtualenv with interpreter /opt/rh/rh-python36/root/usr/bin/python3
/afs/cern.ch/user/s/syu/scripts/runregistry
Requirement already satisfied: runregistry in ./venv/lib/python3.6/site-packages
Requirement already satisfied: cernrequests in ./venv/lib/python3.6/site-packages (from runregistry)
Requirement already satisfied: requests in ./venv/lib/python3.6/site-packages (from runregistry)
Requirement already satisfied: future in ./venv/lib/python3.6/site-packages (from cernrequests->runregistry)
Requirement already satisfied: certifi>=2017.4.17 in ./venv/lib/python3.6/site-packages (from requests->runregistry)
Requirement already satisfied: charset-normalizer~=2.0.0; python_version >= "3" in ./venv/lib/python3.6/site-packages (from requests->runregistry)
Requirement already satisfied: urllib3<1.27,>=1.21.1 in ./venv/lib/python3.6/site-packages (from requests->runregistry)
Requirement already satisfied: idna<4,>=2.5; python_version >= "3" in ./venv/lib/python3.6/site-packages (from requests->runregistry)
You are using pip version 9.0.1, however version 22.3.1 is available.
You should consider upgrading via the 'pip install --upgrade pip' command.
Requirement already satisfied: matplotlib in ./venv/lib/python3.6/site-packages
Requirement already satisfied: numpy>=1.15 in ./venv/lib/python3.6/site-packages (from matplotlib)
Requirement already satisfied: cycler>=0.10 in ./venv/lib/python3.6/site-packages (from matplotlib)
Requirement already satisfied: kiwisolver>=1.0.1 in ./venv/lib/python3.6/site-packages (from matplotlib)
Requirement already satisfied: python-dateutil>=2.1 in ./venv/lib/python3.6/site-packages (from matplotlib)
Requirement already satisfied: pyparsing!=2.0.4,!=2.1.2,!=2.1.6,>=2.0.3 in ./venv/lib/python3.6/site-packages (from matplotlib)
Requirement already satisfied: pillow>=6.2.0 in ./venv/lib/python3.6/site-packages (from matplotlib)
Requirement already satisfied: six>=1.5 in ./venv/lib/python3.6/site-packages (from python-dateutil>=2.1->matplotlib)
You are using pip version 9.0.1, however version 22.3.1 is available.
You should consider upgrading via the 'pip install --upgrade pip' command.
creating a new directory figures_eraF


Now we are going to produce lumiloss plots in eraF
using the input from Era/output_eraF.csv
['make_dc_plot.py', '-c', 'Era/output_eraF.csv', '-p', 'eraF', '-d', 'figures_eraF']
Total recorded luminosity for these runs is:  18364.160197480876 /pb
Total recorded luminosity loss for these runs is:  753.9172269856066 /pb
{'muon-muon': 41.47019611965661, 'tracker-strip': 65.01373176987816, 'l1t-l1tmu': 97.29111355693126, 'l1t-l1tcalo': 97.74286739716177, 'tracker-pixel': 104.79237131981654, 'tracker-track': 132.3012789945992, 'egamma-egamma': 171.12126688832302, 'hcal-hcal': 181.41788541595437, 'jetmet-jetmet': 309.1909558880933}
{'ho_ready': 0.645373876711283, 'hbhec_ready': 36.688380590250404, 'hbheb_ready': 36.852327269116905, 'bpix_ready': 40.40137337973239, 'fpix_ready': 44.6877010671939, 'tecm_ready': 66.91943583174563, 'tibtid_ready': 67.82829600576972, 'tob_ready': 68.27867613623546, 'tecp_ready': 70.1997649720362, 'hbhea_ready': 98.88476581821749}
{'Muon': 41.47019611965661, 'L1T': 98.60585122457525, 'Tracker': 143.6650410916395, 'EGamma': 171.12126688832302, 'HCAL': 242.1875327823337, 'JetMET': 309.1909558880933}
{'Tracker HCAL L1T JetMET EGamma ': 0.001693748914484, 'Muon L1T JetMET EGamma ': 0.060323680664451, 'HCAL EGamma ': 0.061272734743264, 'Tracker HCAL ': 0.169547324311586, 'HCAL L1T JetMET ': 0.47405656494592197, 'Tracker JetMET ': 0.526600895498005, 'L1T JetMET ': 0.70260807026669, 'Tracker EGamma ': 0.9758426489427999, 'Tracker Muon L1T JetMET EGamma ': 1.523177629237213, 'HCAL JetMET EGamma ': 3.4512719851369593, 'HCAL L1T ': 14.858011809526477, 'L1T ': 19.015492847505563, 'Tracker ': 38.61120153918606, 'HCAL JetMET ': 39.267907979558615, 'Tracker Muon JetMET EGamma ': 39.88666291520577, 'Tracker L1T ': 61.970314390343496, 'EGamma ': 125.16084906230691, 'HCAL ': 183.90373874064701, 'JetMET ': 223.29647993549375}
{'L1T ': 19.015492847505563, 'Tracker ': 38.61120153918606, 'EGamma ': 125.16084906230691, 'Mixed': 163.92946486046694, 'HCAL ': 183.90373874064701, 'JetMET ': 223.29647993549375}
{'L1T ': 0.025222255397366847, 'Tracker ': 0.0512141123151749, 'EGamma ': 0.166014045816062, 'Mixed': 0.217436953279218, 'HCAL ': 0.24393094116704409, 'JetMET ': 0.2961816920251337}
{'HCAL L1T ': 1.9707749442115001, 'L1T ': 2.522225539736685, 'Tracker ': 5.12141123151749, 'HCAL JetMET ': 5.2085171387532565, 'Tracker Muon JetMET EGamma ': 5.290589137309535, 'Tracker L1T ': 8.219776942638637, 'EGamma ': 16.6014045816062, 'HCAL ': 24.393094116704408, 'JetMET ': 29.618169202513368}
{'bpix_ready': 40.40137337973239, 'fpix_ready': 44.6877010671939, 'tracker-strip': 65.01373176987816, 'tecm_ready': 66.91943583174563, 'tibtid_ready': 67.82829600576972, 'tob_ready': 68.27867613623546, 'tecp_ready': 70.1997649720362, 'tracker-pixel': 104.79237131981654, 'tracker-track': 132.3012789945992}
{'ecal-ecal': 0.0, 'ecal-es': 0.0}
{'hf_ready': 0.0, 'ho_ready': 0.645373876711283, 'hbhec_ready': 36.688380590250404, 'hbheb_ready': 36.852327269116905, 'hbhea_ready': 98.88476581821749, 'hcal-hcal': 181.41788541595437}
{'csc-csc': 0.0, 'dt-dt': 0.0, 'muon-muon': 41.47019611965661}
{'l1t-l1tmu': 97.29111355693126, 'l1t-l1tcalo': 97.74286739716177}
{'hlt-hlt': 0.0}
{'jetmet-jetmet': 309.1909558880933}
{'egamma-egamma': 171.12126688832302}
defaultdict(<class 'str'>, {'Mixed': 'brown', 'Tracker ': 'purple', 'ECAL ': 'red', 'HCAL ': 'green', 'Muon ': 'orange', 'L1T ': 'blue', 'HLT ': 'pink', 'JetMET ': 'gray', 'EGamma ': 'olive'})
['L1T ', 'Tracker ', 'EGamma ', 'Mixed', 'HCAL ', 'JetMET ']
The png files are in the directory /afs/cern.ch/user/s/syu/scripts/runregistry/figures_eraF
