Python 3.6.12
Using base prefix '/opt/rh/rh-python36/root/usr'
New python executable in /afs/cern.ch/user/s/syu/scripts/runregistry/venv/bin/python3
Not overwriting existing python script /afs/cern.ch/user/s/syu/scripts/runregistry/venv/bin/python (you must use /afs/cern.ch/user/s/syu/scripts/runregistry/venv/bin/python3)
Installing setuptools, pip, wheel...done.
Running virtualenv with interpreter /opt/rh/rh-python36/root/usr/bin/python3
/afs/cern.ch/user/s/syu/scripts/runregistry
Requirement already satisfied: runregistry in ./venv/lib/python3.6/site-packages
Requirement already satisfied: cernrequests in ./venv/lib/python3.6/site-packages (from runregistry)
Requirement already satisfied: requests in ./venv/lib/python3.6/site-packages (from runregistry)
Requirement already satisfied: future in ./venv/lib/python3.6/site-packages (from cernrequests->runregistry)
Requirement already satisfied: certifi>=2017.4.17 in ./venv/lib/python3.6/site-packages (from requests->runregistry)
Requirement already satisfied: idna<4,>=2.5; python_version >= "3" in ./venv/lib/python3.6/site-packages (from requests->runregistry)
Requirement already satisfied: charset-normalizer~=2.0.0; python_version >= "3" in ./venv/lib/python3.6/site-packages (from requests->runregistry)
Requirement already satisfied: urllib3<1.27,>=1.21.1 in ./venv/lib/python3.6/site-packages (from requests->runregistry)
You are using pip version 9.0.1, however version 23.0.1 is available.
You should consider upgrading via the 'pip install --upgrade pip' command.
Requirement already satisfied: matplotlib in ./venv/lib/python3.6/site-packages
Requirement already satisfied: cycler>=0.10 in ./venv/lib/python3.6/site-packages (from matplotlib)
Requirement already satisfied: numpy>=1.15 in ./venv/lib/python3.6/site-packages (from matplotlib)
Requirement already satisfied: kiwisolver>=1.0.1 in ./venv/lib/python3.6/site-packages (from matplotlib)
Requirement already satisfied: pyparsing!=2.0.4,!=2.1.2,!=2.1.6,>=2.0.3 in ./venv/lib/python3.6/site-packages (from matplotlib)
Requirement already satisfied: python-dateutil>=2.1 in ./venv/lib/python3.6/site-packages (from matplotlib)
Requirement already satisfied: pillow>=6.2.0 in ./venv/lib/python3.6/site-packages (from matplotlib)
Requirement already satisfied: six>=1.5 in ./venv/lib/python3.6/site-packages (from python-dateutil>=2.1->matplotlib)
You are using pip version 9.0.1, however version 23.0.1 is available.
You should consider upgrading via the 'pip install --upgrade pip' command.
creating a new directory figures_newEraD


Now we are going to produce lumiloss plots in newEraD
using the input from Era/output_eraD.csv
make_dc_plot_sub.py:279: RuntimeWarning: More than 20 figures have been opened. Figures created through the pyplot interface (`matplotlib.pyplot.figure`) are retained until explicitly closed and may consume too much memory. (To control this warning, see the rcParam `figure.max_open_warning`).
  axes = plt.figure(icount)
['make_dc_plot_sub.py', '-c', 'Era/output_eraD.csv', '-p', 'newEraD', '-d', 'figures_newEraD']
Total recorded luminosity for these runs is:  3322.8584461441974 /pb
Total recorded luminosity loss for these runs is:  400.5472601037924 /pb
{'l1t-l1tmu': 2.864517909840221, 'csc-csc': 5.052651235955426, 'tracker-strip': 5.375811218784927, 'muon-muon': 5.575568709004802, 'jetmet-jetmet': 6.2611721207461795, 'tracker-pixel': 12.472719602334674, 'tracker-track': 12.601373586878514, 'ecal-es': 17.31130611499208, 'hlt-hlt': 17.92292257827412, 'egamma-egamma': 34.27833309159903, 'l1t-l1tcalo': 100.08428740343784, 'hcal-hcal': 313.45715580948615}
{'ho_ready': 2.6183516178218817, 'tibtid_ready': 5.349680490495272, 'tob_ready': 5.622340868737347, 'tecp_ready': 5.744643223115858, 'bpix_ready': 5.810187399371614, 'tecm_ready': 5.923854814127572, 'fpix_ready': 7.1772452608372, 'hbhea_ready': 20.49647359643623, 'hbhec_ready': 33.7948983041917, 'hbheb_ready': 243.49101446609043}
{'CSC': 5.052651235955426, 'MuonPOG': 5.575568709004802, 'JetMET': 6.2611721207461795, 'SiStrip': 6.563910485786058, 'Tracking': 12.601373586878514, 'PixelPhase1': 13.84623611142116, 'ES': 17.31130611499208, 'HLT': 17.92292257827412, 'EGamma': 34.27833309159903, 'L1T': 100.17073313728551, 'HCAL': 313.7121357077586}
{'L1T MuonPOG JetMET EGamma ': 0.07418185256376901, 'EGamma ': 0.10246836869381899, 'ES L1T ': 0.10673483568605799, 'PixelPhase1 L1T ': 0.14216701005521, 'SiStrip ': 0.163874196330107, 'PixelPhase1 SiStrip L1T Tracking ': 0.16416205880960003, 'PixelPhase1 SiStrip L1T Tracking MuonPOG JetMET EGamma ': 0.448735620485607, 'PixelPhase1 ': 0.479784806602326, 'PixelPhase1 SiStrip ': 0.6229107078851099, 'L1T EGamma ': 1.932709897146205, 'HCAL L1T HLT ': 4.89554899577213, 'HCAL CSC MuonPOG EGamma ': 5.052651235955426, 'PixelPhase1 SiStrip Tracking ': 5.164227902275633, 'HCAL L1T JetMET EGamma ': 5.738254647696803, 'HCAL EGamma ': 6.5718720049746, 'PixelPhase1 Tracking ': 6.824248005307672, 'L1T HLT ': 13.02737358250199, 'HCAL L1T EGamma ': 14.357459464082787, 'ES ': 17.204571279306027, 'HCAL L1T ': 18.906430900100702, 'L1T ': 40.37697427238463, 'HCAL ': 258.1899184591764}
{'EGamma ': 0.10246836869381899, 'SiStrip ': 0.163874196330107, 'PixelPhase1 ': 0.479784806602326, 'ES ': 17.204571279306027, 'L1T ': 40.37697427238463, 'Mixed': 84.02966872129929, 'HCAL ': 258.1899184591764}
{'ES ': 0.04295266250191767, 'L1T ': 0.10080451995083399, 'Mixed': 0.2097871514575458, 'HCAL ': 0.644592896209732}
{'HCAL L1T HLT ': 1.2222150750709326, 'HCAL CSC MuonPOG EGamma ': 1.2614369736660165, 'PixelPhase1 SiStrip Tracking ': 1.2892930289767666, 'HCAL L1T JetMET EGamma ': 1.4326036448757309, 'HCAL EGamma ': 1.640723245309843, 'PixelPhase1 Tracking ': 1.7037310412607314, 'L1T HLT ': 3.25239363243335, 'HCAL L1T EGamma ': 3.5844607850675074, 'ES ': 4.295266250191767, 'HCAL L1T ': 4.720149850782039, 'L1T ': 10.080451995083399, 'HCAL ': 64.45928962097321}
{'bpix_ready': 5.810187399371614, 'fpix_ready': 7.1772452608372, 'tracker-pixel': 12.472719602334674}
{'tibtid_ready': 5.349680490495272, 'tracker-strip': 5.375811218784927, 'tob_ready': 5.622340868737347, 'tecp_ready': 5.744643223115858, 'tecm_ready': 5.923854814127572}
{'ecal-ecal': 0.0}
{'ecal-es': 17.31130611499208}
{'hf_ready': 0.0, 'ho_ready': 2.6183516178218817, 'hbhea_ready': 20.49647359643623, 'hbhec_ready': 33.7948983041917, 'hbheb_ready': 243.49101446609043, 'hcal-hcal': 313.45715580948615}
{'csc-csc': 5.052651235955426}
{'dt-dt': 0.0}
{'l1t-l1tmu': 2.864517909840221, 'l1t-l1tcalo': 100.08428740343784}
{'hlt-hlt': 17.92292257827412}
{'tracker-track': 12.601373586878514}
{'muon-muon': 5.575568709004802}
{'jetmet-jetmet': 6.2611721207461795}
{'egamma-egamma': 34.27833309159903}
{'bpix_ready': 0.0, 'fpix_ready': 1.373516509086485, 'Mixed': 6.000192323991375, 'tracker-pixel': 6.4725272783433}
{'tibtid_ready': 0.0, 'tob_ready': 0.0, 'tracker-strip': 0.190004924619761, 'tecp_ready': 0.28617655070861797, 'tecm_ready': 0.46538814172033094, 'Mixed': 5.622340868737347}
{'hbhea_ready': 0.0, 'hbheb_ready': 0.0, 'hbhec_ready': 0.0, 'hf_ready': 0.0, 'ho_ready': 0.254979898272508, 'hcal-hcal': 69.96614134339595, 'Mixed': 243.49101446609043}
{'l1t-l1tmu': 0.08644573384767901, 'Mixed': 2.778072175992542, 'l1t-l1tcalo': 97.30621522744528}
defaultdict(<class 'str'>, {'Mixed': 'brown', 'PixelPhase1 ': 'purple', 'SiStrip ': 'plum', 'ECAL ': 'red', 'ES ': 'pink', 'HCAL ': 'green', 'CSC ': 'orange', 'DT ': 'yellow', 'L1T ': 'blue', 'HLT ': 'pink', 'Tracking ': 'orchid', 'MuonPOG ': 'goldenrod', 'JetMET ': 'gray', 'EGamma ': 'olive'})
['ES ', 'L1T ', 'Mixed', 'HCAL ']
The png files are in the directory /afs/cern.ch/user/s/syu/scripts/runregistry/figures_newEraD
