Python 3.6.12
Using base prefix '/opt/rh/rh-python36/root/usr'
New python executable in /afs/cern.ch/user/s/syu/scripts/runregistry/venv/bin/python3
Not overwriting existing python script /afs/cern.ch/user/s/syu/scripts/runregistry/venv/bin/python (you must use /afs/cern.ch/user/s/syu/scripts/runregistry/venv/bin/python3)
Installing setuptools, pip, wheel...done.
Running virtualenv with interpreter /opt/rh/rh-python36/root/usr/bin/python3
/afs/cern.ch/user/s/syu/scripts/runregistry
Requirement already satisfied: runregistry in ./venv/lib/python3.6/site-packages
Requirement already satisfied: cernrequests in ./venv/lib/python3.6/site-packages (from runregistry)
Requirement already satisfied: requests in ./venv/lib/python3.6/site-packages (from runregistry)
Requirement already satisfied: future in ./venv/lib/python3.6/site-packages (from cernrequests->runregistry)
Requirement already satisfied: urllib3<1.27,>=1.21.1 in ./venv/lib/python3.6/site-packages (from requests->runregistry)
Requirement already satisfied: idna<4,>=2.5; python_version >= "3" in ./venv/lib/python3.6/site-packages (from requests->runregistry)
Requirement already satisfied: charset-normalizer~=2.0.0; python_version >= "3" in ./venv/lib/python3.6/site-packages (from requests->runregistry)
Requirement already satisfied: certifi>=2017.4.17 in ./venv/lib/python3.6/site-packages (from requests->runregistry)
You are using pip version 9.0.1, however version 22.3.1 is available.
You should consider upgrading via the 'pip install --upgrade pip' command.
Requirement already satisfied: matplotlib in ./venv/lib/python3.6/site-packages
Requirement already satisfied: pillow>=6.2.0 in ./venv/lib/python3.6/site-packages (from matplotlib)
Requirement already satisfied: numpy>=1.15 in ./venv/lib/python3.6/site-packages (from matplotlib)
Requirement already satisfied: pyparsing!=2.0.4,!=2.1.2,!=2.1.6,>=2.0.3 in ./venv/lib/python3.6/site-packages (from matplotlib)
Requirement already satisfied: python-dateutil>=2.1 in ./venv/lib/python3.6/site-packages (from matplotlib)
Requirement already satisfied: kiwisolver>=1.0.1 in ./venv/lib/python3.6/site-packages (from matplotlib)
Requirement already satisfied: cycler>=0.10 in ./venv/lib/python3.6/site-packages (from matplotlib)
Requirement already satisfied: six>=1.5 in ./venv/lib/python3.6/site-packages (from python-dateutil>=2.1->matplotlib)
You are using pip version 9.0.1, however version 22.3.1 is available.
You should consider upgrading via the 'pip install --upgrade pip' command.
Total recorded luminosity for these runs is:  6064.2416687773875 /pb
Total recorded luminosity loss for these runs is:  392.6040740717767 /pb
{'muon-muon': 0.7118199697665639, 'l1t-l1tmu': 1.939054110457527, 'l1t-l1tcalo': 3.6085983165481985, 'hlt-hlt': 6.345113355214967, 'hcal-hcal': 37.148686717761855, 'tracker-pixel': 40.44404268718731, 'ecal-ecal': 99.82957285677516, 'egamma-egamma': 100.9047986875885, 'tracker-strip': 111.55093569587308, 'tracker-track': 113.30854810538415, 'jetmet-jetmet': 222.87797411258526}
{'hbheb_ready': 0.648925910284837, 'hbhec_ready': 12.583092845023922, 'ho_ready': 13.330692580468833, 'tecm_ready': 40.476890829495495, 'bpix_ready': 40.47906804390468, 'tibtid_ready': 40.49482134160386, 'fpix_ready': 42.34958992917469, 'tecp_ready': 63.268420352461476, 'tob_ready': 93.28522875587089}
{'Muon': 0.7118199697665639, 'L1T': 3.6110862367013534, 'HLT': 6.345113355214967, 'HCAL': 62.985170056664195, 'ECAL': 99.82957285677516, 'EGamma': 100.9047986875885, 'Tracker': 118.18309662653458, 'JetMET': 222.87797411258526}
{'Muon L1T JetMET EGamma ': 0.002422487192625999, 'Tracker Muon HLT EGamma ': 0.02105143004993, 'Tracker Muon JetMET EGamma ': 0.10851096169549201, 'Tracker L1T HLT EGamma ': 0.137197921216033, 'Tracker L1T EGamma ': 0.226207939830759, 'L1T JetMET ': 0.32157109539626005, 'Tracker L1T JetMET ': 0.35660959105810297, 'Tracker JetMET ': 0.46542954166393596, 'Muon HLT EGamma ': 0.5791350891247079, 'HCAL L1T ': 0.599881777919487, 'L1T ': 1.9664954223842768, 'HLT ': 5.607728914824296, 'HCAL JetMET ': 18.664276054219293, 'HCAL ': 43.72101222452543, 'ECAL JetMET EGamma ': 99.82957285677516, 'JetMET ': 103.12888152288055, 'Tracker ': 116.8673892393165}
{'ECAL ': 0.0, 'L1T ': 1.9664954223842768, 'HLT ': 5.607728914824296, 'HCAL ': 43.72101222452543, 'JetMET ': 103.12888152288055, 'Tracker ': 116.8673892393165, 'Mixed': 121.31256674784558}
{'HLT ': 0.014283420079331829, 'HCAL ': 0.1113615856582585, 'JetMET ': 0.26267909156751723, 'Tracker ': 0.2976723802869925, 'Mixed': 0.30899467111914625}
{'HLT ': 1.4283420079331828, 'HCAL JetMET ': 4.753969020404778, 'HCAL ': 11.13615856582585, 'ECAL JetMET EGamma ': 25.42754379021653, 'JetMET ': 26.26790915675172, 'Tracker ': 29.76723802869925}
{'tracker-pixel': 40.44404268718731, 'tecm_ready': 40.476890829495495, 'bpix_ready': 40.47906804390468, 'tibtid_ready': 40.49482134160386, 'fpix_ready': 42.34958992917469, 'tecp_ready': 63.268420352461476, 'tob_ready': 93.28522875587089, 'tracker-strip': 111.55093569587308, 'tracker-track': 113.30854810538415}
{'ecal-es': 0.0, 'ecal-ecal': 99.82957285677516}
{'hbhea_ready': 0.0, 'hf_ready': 0.0, 'hbheb_ready': 0.648925910284837, 'hbhec_ready': 12.583092845023922, 'ho_ready': 13.330692580468833, 'hcal-hcal': 37.148686717761855}
{'csc-csc': 0.0, 'dt-dt': 0.0, 'muon-muon': 0.7118199697665639}
{'l1t-l1tmu': 1.939054110457527, 'l1t-l1tcalo': 3.6085983165481985}
{'hlt-hlt': 6.345113355214967}
{'jetmet-jetmet': 222.87797411258526}
{'egamma-egamma': 100.9047986875885}
defaultdict(<class 'str'>, {'Mixed': 'brown', 'Tracker ': 'purple', 'ECAL ': 'red', 'HCAL ': 'green', 'Muon ': 'orange', 'L1T ': 'blue', 'HLT ': 'pink', 'JetMET ': 'gray', 'EGamma ': 'olive'})
['HLT ', 'HCAL ', 'JetMET ', 'Tracker ', 'Mixed']
